Test Logger
  Test Logger
  Test Logger
  Test Logger abc
  Test Logger abc
  Start Game
  Finish Game
  Start Game
  Finish Game
  Start Game
  Finish Game
  Start Game
  Finish Game
  Start Game
  Start Game
  Wybrano losowanie liczby
  Finish Game
  Start Game
  Wybrano losowanie liczby
  Finish Game
  Start Game
  Start Game
  Wybrano losowanie litery
  Finish Game
  Start Game
  Start Game
  Start Game
  Wybrano losowanie liczby
  Finish Game
  Start Game
  Start Game
  Wybrano losowanie liczby
  Wylosowana liczba 87
  Finish Game
  Start Game
  Wybrano losowanie liczby
  Wylosowana liczba 67
  Wybrano losowanie liczby
  Wylosowana liczba 79
  Wybrano losowanie liczby
  Wylosowana liczba 47
  Wybrano losowanie liczby
  Wylosowana liczba 77
  Wybrano losowanie liczby
  Wylosowana liczba 6
  Wybrano losowanie liczby
  Wylosowana liczba 8
  Wybrano losowanie liczby
  Wylosowana liczba 49
  Wybrano losowanie liczby
  Wylosowana liczba 52
  Zła Opcja
  Wybrano losowanie liczby
  Wylosowana liczba 75
  Wybrano losowanie liczby
  Wylosowana liczba 23
  Wybrano losowanie liczby
  Wylosowana liczba 87
  